<?xml version="1.0" encoding="UTF-8"?>
<!-- Generated by org.testng.reporters.JUnitReportReporter -->
<testsuite hostname="DESKTOP-JT0GUHN" failures="0" tests="3" name="com.qa.testcases.HomePageTest" time="25.117" errors="0" timestamp="14 Aug. 2021 17:23:24 GMT" skipped="0">
  <testcase classname="com.qa.testcases.HomePageTest" name="verifyuserDisplay" time="9.104"/>
  <testcase classname="com.qa.testcases.HomePageTest" name="contactClick" time="8.417"/>
  <testcase classname="com.qa.testcases.HomePageTest" name="verifytitle" time="7.596"/>
</testsuite> <!-- com.qa.testcases.HomePageTest -->
