<?xml version="1.0" encoding="UTF-8"?>
<!-- Generated by org.testng.reporters.JUnitReportReporter -->
<testsuite hostname="DESKTOP-JT0GUHN" failures="0" tests="2" name="com.qa.testcases.LoginTest" time="13.416" errors="0" timestamp="14 Aug. 2021 17:23:24 GMT" skipped="0">
  <testcase classname="com.qa.testcases.LoginTest" name="signIn" time="7.954"/>
  <testcase classname="com.qa.testcases.LoginTest" name="validateTitle" time="5.462"/>
</testsuite> <!-- com.qa.testcases.LoginTest -->
