<?xml version="1.0" encoding="UTF-8"?>
<!-- Generated by org.testng.reporters.JUnitReportReporter -->
<testsuite hostname="DESKTOP-JT0GUHN" failures="0" tests="3" name="com.qa.testcases.HomePageTest" time="24.235" errors="0" timestamp="13 Aug. 2021 20:16:15 GMT" skipped="0">
  <testcase classname="com.qa.testcases.HomePageTest" name="verifyuserDisplay" time="8.413"/>
  <testcase classname="com.qa.testcases.HomePageTest" name="contactClick" time="7.900"/>
  <testcase classname="com.qa.testcases.HomePageTest" name="verifytitle" time="7.922"/>
</testsuite> <!-- com.qa.testcases.HomePageTest -->
