<?xml version="1.0" encoding="UTF-8"?>
<!-- Generated by org.testng.reporters.JUnitReportReporter -->
<testsuite hostname="DESKTOP-JT0GUHN" failures="0" tests="2" name="com.qa.testcases.ContactPageTest" time="8.971" errors="0" timestamp="13 Aug. 2021 20:16:15 GMT" skipped="1">
  <testcase classname="com.qa.testcases.ContactPageTest" name="contactDetails" time="8.388">
    <skipped/>
  </testcase> <!-- contactDetails -->
  <testcase classname="com.qa.testcases.ContactPageTest" name="clickCreate" time="0.583"/>
</testsuite> <!-- com.qa.testcases.ContactPageTest -->
