<?xml version="1.0" encoding="UTF-8"?>
<!-- Generated by org.testng.reporters.JUnitReportReporter -->
<testsuite hostname="DESKTOP-JT0GUHN" failures="0" tests="2" name="com.qa.testcases.LoginTest" time="14.411" errors="0" timestamp="13 Aug. 2021 20:16:15 GMT" skipped="0">
  <testcase classname="com.qa.testcases.LoginTest" name="signIn" time="9.790"/>
  <testcase classname="com.qa.testcases.LoginTest" name="validateTitle" time="4.621"/>
</testsuite> <!-- com.qa.testcases.LoginTest -->
