<?xml version="1.0" encoding="UTF-8"?>
<!-- Generated by org.testng.reporters.JUnitReportReporter -->
<testsuite hostname="DESKTOP-JT0GUHN" failures="0" tests="3" name="com.qa.testcases.HomePageTest" time="22.607" errors="0" timestamp="13 Aug. 2021 23:28:24 GMT" skipped="0">
  <testcase classname="com.qa.testcases.HomePageTest" name="verifytitle" time="6.642"/>
  <testcase classname="com.qa.testcases.HomePageTest" name="verifyuserDisplay" time="7.580"/>
  <testcase classname="com.qa.testcases.HomePageTest" name="contactClick" time="8.385"/>
</testsuite> <!-- com.qa.testcases.HomePageTest -->
